[2025-10-08 00:10:58] 🚀 Мониторинг Sepolia запущен (логи в blockchain_monitor.log)
[2025-10-08 00:10:58] ⚙️  Фильтр: показываем транзакции > 0.001000 ETH
[2025-10-08 00:11:13] 📦 Block #9363427 (19/165 valid tx) | 00:11:13
[2025-10-08 00:11:13]    💰 TX: 0x2CdA41 -> 0x3FC12e | Value: 0.500000 ETH | Gas: 21000
[2025-10-08 00:11:13]    💸 TX: 0xAF2308 -> 0xF59119 | Value: 0.010000 ETH | Gas: 21000
[2025-10-08 00:11:13]    🚨 TX: 0x6Cc939 -> 0x0567DA | Value: 2.500000 ETH | Gas: 30000
[2025-10-08 00:11:13]    💸 TX: 0x3732e1 -> 0x38C967 | Value: 0.002000 ETH | Gas: 131133
[2025-10-08 00:11:13]    💸 TX: 0x44D598 -> 0x1fF21D | Value: 0.010523 ETH | Gas: 21000
[2025-10-08 00:11:13]    💸 TX: 0x50b54c -> 0x39834E | Value: 0.010000 ETH | Gas: 21000
[2025-10-08 00:11:13]    💸 TX: 0x50b54c -> 0x338854 | Value: 0.010000 ETH | Gas: 21000
[2025-10-08 00:11:13]    💸 TX: 0x50b54c -> 0x9CD70C | Value: 0.010000 ETH | Gas: 21000
[2025-10-08 00:11:13]    💸 TX: 0x50b54c -> 0x486De0 | Value: 0.010000 ETH | Gas: 21000
[2025-10-08 00:11:13]    💸 TX: 0x50b54c -> 0x884d1d | Value: 0.010000 ETH | Gas: 21000
[2025-10-08 00:11:13]    💸 TX: 0x50b54c -> 0x298cd3 | Value: 0.010000 ETH | Gas: 21000
[2025-10-08 00:11:13]    💸 TX: 0x50b54c -> 0x85610a | Value: 0.010000 ETH | Gas: 21000
[2025-10-08 00:11:13]    💸 TX: 0x50b54c -> 0x40A257 | Value: 0.010000 ETH | Gas: 21000
[2025-10-08 00:11:13]    💸 TX: 0x42645c -> 0x7ca9B0 | Value: 0.050000 ETH | Gas: 630000
[2025-10-08 00:11:13]    💸 TX: 0x52f198 -> 0x42adA0 | Value: 0.050000 ETH | Gas: 630000
[2025-10-08 00:11:13]    💸 TX: 0x48d167 -> 0x87A3ef | Value: 0.010000 ETH | Gas: 200000
[2025-10-08 00:11:13]    💰 TX: 0x3352Be -> 0xFde8d2 | Value: 0.200000 ETH | Gas: 445558
[2025-10-08 00:11:13]    💸 TX: 0xb0227e -> 0xb0227e | Value: 0.001000 ETH | Gas: 23100
[2025-10-08 00:11:13]    💸 TX: 0xd56F2A -> 0x92F0e7 | Value: 0.001000 ETH | Gas: 30232
[2025-10-08 00:11:13]    🗑️  Отфильтровано мусорных транзакций: 146
[2025-10-08 00:11:26] 📦 Block #9363428 (12/105 valid tx) | 00:11:26
[2025-10-08 00:11:26]    💰 TX: 0x2CdA41 -> 0xbF3eD1 | Value: 0.250000 ETH | Gas: 21000
[2025-10-08 00:11:26]    💸 TX: 0xAF2308 -> 0x1F2d1e | Value: 0.010000 ETH | Gas: 21000
[2025-10-08 00:11:26]    💸 TX: 0xa173F9 -> 0xa173F9 | Value: 0.001000 ETH | Gas: 21000
[2025-10-08 00:11:26]    🚨 TX: 0x6Cc939 -> 0x348ec1 | Value: 2.439173 ETH | Gas: 30000
[2025-10-08 00:11:26]    🚨 TX: 0x6Cc939 -> 0x9e18eB | Value: 2.302900 ETH | Gas: 30000
[2025-10-08 00:11:26]    💸 TX: 0x7895AC -> 0x956962 | Value: 0.001193 ETH | Gas: 64278
[2025-10-08 00:11:26]    💸 TX: 0x5AFd87 -> 0x959Ff0 | Value: 0.010000 ETH | Gas: 20979432
[2025-10-08 00:11:26]    🚨 TX: 0xCA07A6 -> 0x70b1CD | Value: 3065.000021 ETH | Gas: 389126
[2025-10-08 00:11:26]    💸 TX: 0x05542E -> 0x956962 | Value: 0.001000 ETH | Gas: 85361
[2025-10-08 00:11:26]    💸 TX: 0xAfEDA6 -> 0xA4B53d | Value: 0.050000 ETH | Gas: 630000
[2025-10-08 00:11:26]    💸 TX: 0xd56F2A -> 0x92F0e7 | Value: 0.001000 ETH | Gas: 30232
[2025-10-08 00:11:26]    💸 TX: 0xb0227e -> 0xb0227e | Value: 0.001000 ETH | Gas: 23100
[2025-10-08 00:11:26]    🗑️  Отфильтровано мусорных транзакций: 93
[2025-10-08 00:11:39] 📦 Block #9363429 (9/57 valid tx) | 00:11:39
[2025-10-08 00:11:39]    💰 TX: 0x2CdA41 -> 0x4F8f39 | Value: 0.500000 ETH | Gas: 21000
[2025-10-08 00:11:39]    💰 TX: 0x6f1244 -> 0x7cb512 | Value: 0.633000 ETH | Gas: 861522
[2025-10-08 00:11:39]    💸 TX: 0xAF2308 -> 0x32DF54 | Value: 0.010000 ETH | Gas: 21000
[2025-10-08 00:11:39]    💸 TX: 0x10A0bd -> 0x3a9432 | Value: 0.001000 ETH | Gas: 337968
[2025-10-08 00:11:39]    💸 TX: 0x06566E -> 0x38C967 | Value: 0.002000 ETH | Gas: 131120
[2025-10-08 00:11:39]    🚨 TX: 0x6Cc939 -> 0x29f0fA | Value: 2.500000 ETH | Gas: 30000
[2025-10-08 00:11:39]    🚨 TX: 0x6Cc939 -> 0x8dc801 | Value: 2.500000 ETH | Gas: 30000
[2025-10-08 00:11:39]    💸 TX: 0x5AFd87 -> 0x959Ff0 | Value: 0.010000 ETH | Gas: 21000000
[2025-10-08 00:11:39]    💸 TX: 0x13CB6A -> 0x1268AD | Value: 0.017459 ETH | Gas: 21000
[2025-10-08 00:11:39]    🗑️  Отфильтровано мусорных транзакций: 48
[2025-10-08 00:11:40] ⚠️  Пропущен блок #9363430 (неподдерживаемые типы транзакций)
[2025-10-08 00:11:52] ⚠️  Пропущен блок #9363431 (неподдерживаемые типы транзакций)
[2025-10-08 00:12:05] ⚠️  Пропущен блок #9363432 (неподдерживаемые типы транзакций)
[2025-10-08 00:12:18] 📦 Block #9363433 (13/105 valid tx) | 00:12:18
[2025-10-08 00:12:18]    💰 TX: 0x2CdA41 -> 0xb7e324 | Value: 0.500000 ETH | Gas: 21000
[2025-10-08 00:12:18]    💸 TX: 0xAF2308 -> 0xa7423C | Value: 0.010000 ETH | Gas: 21000
[2025-10-08 00:12:18]    🚨 TX: 0x6Cc939 -> 0xDf016d | Value: 1.353378 ETH | Gas: 30000
[2025-10-08 00:12:18]    💸 TX: 0x7df84E -> 0x75f2e0 | Value: 0.100000 ETH | Gas: 21000
[2025-10-08 00:12:18]    💸 TX: 0x5AFd87 -> 0x959Ff0 | Value: 0.010000 ETH | Gas: 21000000
[2025-10-08 00:12:18]    💸 TX: 0x06566E -> 0x38C967 | Value: 0.002000 ETH | Gas: 131120
[2025-10-08 00:12:18]    💸 TX: 0xCD6460 -> 0x38C967 | Value: 0.002000 ETH | Gas: 131120
[2025-10-08 00:12:18]    💸 TX: 0x159cA9 -> 0xAaDd4e | Value: 0.050000 ETH | Gas: 630000
[2025-10-08 00:12:18]    💸 TX: 0x95A13F -> 0xab9461 | Value: 0.050000 ETH | Gas: 630000
[2025-10-08 00:12:18]    💸 TX: 0xb0227e -> 0xb0227e | Value: 0.001000 ETH | Gas: 23100
[2025-10-08 00:12:18]    💸 TX: 0xd56F2A -> 0x92F0e7 | Value: 0.001000 ETH | Gas: 30232
[2025-10-08 00:12:18]    💸 TX: 0xDdB21b -> 0x87A3ef | Value: 0.003946 ETH | Gas: 750000
[2025-10-08 00:12:18]    💸 TX: 0xd56F2A -> 0x92F0e7 | Value: 0.001000 ETH | Gas: 30232
[2025-10-08 00:12:18]    🗑️  Отфильтровано мусорных транзакций: 92
[2025-10-08 00:12:31] 📦 Block #9363434 (7/83 valid tx) | 00:12:31
[2025-10-08 00:12:31]    💰 TX: 0x2CdA41 -> 0xb7e324 | Value: 0.500000 ETH | Gas: 21000
[2025-10-08 00:12:31]    🚨 TX: 0xC8dB9c -> 0x429ba7 | Value: 1.000250 ETH | Gas: 5460774
[2025-10-08 00:12:31]    💸 TX: 0xAF2308 -> 0x809443 | Value: 0.010000 ETH | Gas: 21000
[2025-10-08 00:12:31]    💸 TX: 0x719018 -> 0x4fE29F | Value: 0.001000 ETH | Gas: 21000
[2025-10-08 00:12:31]    🚨 TX: 0x67124D -> 0x70b1CD | Value: 184.000021 ETH | Gas: 389114
[2025-10-08 00:12:31]    💸 TX: 0xAfEDA6 -> 0xAf8e2F | Value: 0.050000 ETH | Gas: 630000
[2025-10-08 00:12:31]    💸 TX: 0xCC56bD -> 0x87A3ef | Value: 0.010000 ETH | Gas: 200000
[2025-10-08 00:12:31]    🗑️  Отфильтровано мусорных транзакций: 76
[2025-10-08 00:12:44] ⚠️  Пропущен блок #9363435 (неподдерживаемые типы транзакций)
[2025-10-08 00:12:57] 📦 Block #9363436 (37/417 valid tx) | 00:12:57
[2025-10-08 00:12:57]    💰 TX: 0x2CdA41 -> 0x93AC66 | Value: 0.500000 ETH | Gas: 21000
[2025-10-08 00:12:57]    💸 TX: 0xAF2308 -> 0xDa78C9 | Value: 0.010000 ETH | Gas: 21000
[2025-10-08 00:12:57]    💸 TX: 0x345E5a -> 0xD4D1cb | Value: 0.010000 ETH | Gas: 82012
[2025-10-08 00:12:57]    💸 TX: 0x3082F9 -> 0x38C967 | Value: 0.002000 ETH | Gas: 131120
[2025-10-08 00:12:57]    💸 TX: 0x49277E -> 0x05F961 | Value: 0.080000 ETH | Gas: 480652
[2025-10-08 00:12:57]    🚨 TX: 0xBcb6aA -> 0x233E41 | Value: 1.639292 ETH | Gas: 31500
[2025-10-08 00:12:57]    💸 TX: 0x50b54c -> 0x20Aa13 | Value: 0.010000 ETH | Gas: 21000
[2025-10-08 00:12:57]    💸 TX: 0x50b54c -> 0x5BdEcf | Value: 0.010000 ETH | Gas: 21000
[2025-10-08 00:12:57]    💸 TX: 0x50b54c -> 0xA491eE | Value: 0.010000 ETH | Gas: 21000
[2025-10-08 00:12:57]    💸 TX: 0x50b54c -> 0x8A2413 | Value: 0.010000 ETH | Gas: 21000
[2025-10-08 00:12:57]    💸 TX: 0x50b54c -> 0x5Aa209 | Value: 0.010000 ETH | Gas: 21000
[2025-10-08 00:12:57]    💸 TX: 0x50b54c -> 0xa4A139 | Value: 0.010000 ETH | Gas: 21000
[2025-10-08 00:12:57]    💸 TX: 0x50b54c -> 0x87e94D | Value: 0.010000 ETH | Gas: 21000
[2025-10-08 00:12:57]    💸 TX: 0x50b54c -> 0x3Ad904 | Value: 0.010000 ETH | Gas: 21000
[2025-10-08 00:12:57]    💸 TX: 0x50b54c -> 0xE085c2 | Value: 0.010000 ETH | Gas: 21000
[2025-10-08 00:12:57]    💸 TX: 0x50b54c -> 0x74e64A | Value: 0.010000 ETH | Gas: 21000
[2025-10-08 00:12:57]    💸 TX: 0x50b54c -> 0x3086C6 | Value: 0.010000 ETH | Gas: 21000
[2025-10-08 00:12:57]    💸 TX: 0x50b54c -> 0x739560 | Value: 0.010000 ETH | Gas: 21000
[2025-10-08 00:12:57]    💸 TX: 0x50b54c -> 0x1482Ca | Value: 0.010000 ETH | Gas: 21000
[2025-10-08 00:12:57]    💸 TX: 0x50b54c -> 0xAa8915 | Value: 0.010000 ETH | Gas: 21000
[2025-10-08 00:12:57]    💸 TX: 0x50b54c -> 0xB3f9c7 | Value: 0.010000 ETH | Gas: 21000
[2025-10-08 00:12:57]    💸 TX: 0x50b54c -> 0x8c2309 | Value: 0.010000 ETH | Gas: 21000
[2025-10-08 00:12:57]    💸 TX: 0x50b54c -> 0xB09fFd | Value: 0.010000 ETH | Gas: 21000
[2025-10-08 00:12:57]    💸 TX: 0x50b54c -> 0x4F03eC | Value: 0.010000 ETH | Gas: 21000
[2025-10-08 00:12:57]    💸 TX: 0x50b54c -> 0x594c22 | Value: 0.010000 ETH | Gas: 21000
[2025-10-08 00:12:57]    💸 TX: 0x50b54c -> 0x54f09D | Value: 0.010000 ETH | Gas: 21000
[2025-10-08 00:12:57]    💸 TX: 0x50b54c -> 0x217dCc | Value: 0.010000 ETH | Gas: 21000
[2025-10-08 00:12:57]    💸 TX: 0x50b54c -> 0xbed281 | Value: 0.010000 ETH | Gas: 21000
[2025-10-08 00:12:57]    💸 TX: 0x50b54c -> 0x1afE5c | Value: 0.010000 ETH | Gas: 21000
[2025-10-08 00:12:57]    💸 TX: 0x50b54c -> 0x75B3fa | Value: 0.010000 ETH | Gas: 21000
[2025-10-08 00:12:57]    💸 TX: 0x948444 -> 0xCbc24f | Value: 0.050000 ETH | Gas: 630000
[2025-10-08 00:12:57]    💸 TX: 0xcBCFdC -> 0x87A3ef | Value: 0.010000 ETH | Gas: 200000
[2025-10-08 00:12:57]    🚨 TX: 0x8dc801 -> 0xE3e52c | Value: 2.500000 ETH | Gas: 21000
[2025-10-08 00:12:57]    💸 TX: 0x519573 -> 0x64656a | Value: 0.001891 ETH | Gas: 67387
[2025-10-08 00:12:57]    💸 TX: 0xBcb13D -> 0x956962 | Value: 0.001000 ETH | Gas: 64263
[2025-10-08 00:12:57]    💸 TX: 0x12645a -> 0x956962 | Value: 0.010000 ETH | Gas: 64249
[2025-10-08 00:12:57]    💸 TX: 0x08A9d4 -> 0x956962 | Value: 0.002000 ETH | Gas: 64249
[2025-10-08 00:12:57]    🗑️  Отфильтровано мусорных транзакций: 380
[2025-10-08 00:13:09] 📦 Block #9363437 (7/97 valid tx) | 00:13:09
[2025-10-08 00:13:09]    💰 TX: 0x2CdA41 -> 0x0574f4 | Value: 0.500000 ETH | Gas: 21000
[2025-10-08 00:13:09]    💸 TX: 0xAF2308 -> 0x58f42d | Value: 0.010000 ETH | Gas: 21000
[2025-10-08 00:13:09]    💸 TX: 0x31cc29 -> 0x7221Ae | Value: 0.009000 ETH | Gas: 21000
[2025-10-08 00:13:09]    💸 TX: 0x5AFd87 -> 0x959Ff0 | Value: 0.010000 ETH | Gas: 21000000
[2025-10-08 00:13:09]    💸 TX: 0x037c55 -> 0x3A9D48 | Value: 0.001000 ETH | Gas: 334108
[2025-10-08 00:13:09]    💸 TX: 0x50b54c -> 0x033ba4 | Value: 0.010000 ETH | Gas: 21000
[2025-10-08 00:13:09]    💸 TX: 0xF0f725 -> 0x3BEC4f | Value: 0.022342 ETH | Gas: 307209
[2025-10-08 00:13:09]    🗑️  Отфильтровано мусорных транзакций: 90
[2025-10-08 00:13:22] ⚠️  Пропущен блок #9363438 (неподдерживаемые типы транзакций)
[2025-10-08 00:13:35] 📦 Block #9363439 (4/37 valid tx) | 00:13:35
[2025-10-08 00:13:35]    💰 TX: 0x2CdA41 -> 0x8Dff28 | Value: 0.500000 ETH | Gas: 21000
[2025-10-08 00:13:35]    💸 TX: 0xAF2308 -> 0x2310a5 | Value: 0.010000 ETH | Gas: 21000
[2025-10-08 00:13:35]    💸 TX: 0xeC9790 -> 0x263639 | Value: 0.010500 ETH | Gas: 31500
[2025-10-08 00:13:35]    💸 TX: 0x3082F9 -> 0x38C967 | Value: 0.002000 ETH | Gas: 131120
[2025-10-08 00:13:35]    🗑️  Отфильтровано мусорных транзакций: 33
[2025-10-08 00:13:48] ⚠️  Пропущен блок #9363440 (неподдерживаемые типы транзакций)
[2025-10-08 00:14:00] ⚠️  Пропущен блок #9363441 (неподдерживаемые типы транзакций)
[2025-10-08 00:14:14] 📦 Block #9363442 (19/88 valid tx) | 00:14:14
[2025-10-08 00:14:14]    💰 TX: 0x2CdA41 -> 0xA2c60F | Value: 0.500000 ETH | Gas: 21000
[2025-10-08 00:14:14]    💸 TX: 0xAF2308 -> 0x846931 | Value: 0.010000 ETH | Gas: 21000
[2025-10-08 00:14:14]    💸 TX: 0x50b54c -> 0x18c1C0 | Value: 0.010000 ETH | Gas: 21000
[2025-10-08 00:14:14]    💸 TX: 0x50b54c -> 0x734Dea | Value: 0.010000 ETH | Gas: 21000
[2025-10-08 00:14:14]    💸 TX: 0x50b54c -> 0xbEBc34 | Value: 0.010000 ETH | Gas: 21000
[2025-10-08 00:14:14]    💸 TX: 0x50b54c -> 0x833538 | Value: 0.010000 ETH | Gas: 21000
[2025-10-08 00:14:14]    💸 TX: 0x50b54c -> 0x3208fd | Value: 0.010000 ETH | Gas: 21000
[2025-10-08 00:14:14]    💸 TX: 0x50b54c -> 0x615339 | Value: 0.010000 ETH | Gas: 21000
[2025-10-08 00:14:14]    💸 TX: 0x50b54c -> 0xE8b507 | Value: 0.010000 ETH | Gas: 21000
[2025-10-08 00:14:14]    💸 TX: 0x50b54c -> 0x6E7E32 | Value: 0.010000 ETH | Gas: 21000
[2025-10-08 00:14:14]    💸 TX: 0x50b54c -> 0x1a8B96 | Value: 0.010000 ETH | Gas: 21000
[2025-10-08 00:14:14]    💸 TX: 0x50b54c -> 0x8701Da | Value: 0.010000 ETH | Gas: 21000
[2025-10-08 00:14:14]    💸 TX: 0x50b54c -> 0x456e69 | Value: 0.010000 ETH | Gas: 21000
[2025-10-08 00:14:14]    💸 TX: 0x50b54c -> 0x276A88 | Value: 0.010000 ETH | Gas: 21000
[2025-10-08 00:14:14]    💸 TX: 0x50b54c -> 0xf88a14 | Value: 0.010000 ETH | Gas: 21000
[2025-10-08 00:14:14]    💸 TX: 0x50b54c -> 0xafdD9c | Value: 0.010000 ETH | Gas: 21000
[2025-10-08 00:14:14]    💸 TX: 0x50b54c -> 0xaadf55 | Value: 0.010000 ETH | Gas: 21000
[2025-10-08 00:14:14]    💸 TX: 0x50b54c -> 0xE70bb2 | Value: 0.010000 ETH | Gas: 21000
[2025-10-08 00:14:14]    💸 TX: 0x6EFB29 -> 0x42EbC0 | Value: 0.050000 ETH | Gas: 630000
[2025-10-08 00:14:14]    🗑️  Отфильтровано мусорных транзакций: 69
[2025-10-08 00:14:14] ⚠️  Пропущен блок #9363443 (неподдерживаемые типы транзакций)
[2025-10-08 00:14:27] 📦 Block #9363444 (7/76 valid tx) | 00:14:27
[2025-10-08 00:14:27]    💰 TX: 0x2CdA41 -> 0x14aEe3 | Value: 0.500000 ETH | Gas: 21000
[2025-10-08 00:14:27]    💸 TX: 0xAF2308 -> 0xB697F2 | Value: 0.010000 ETH | Gas: 21000
[2025-10-08 00:14:27]    💸 TX: 0x768256 -> 0x32d029 | Value: 0.044995 ETH | Gas: 31500
[2025-10-08 00:14:27]    💸 TX: 0xAfEDA6 -> 0x1580dB | Value: 0.050000 ETH | Gas: 630000
[2025-10-08 00:14:27]    💸 TX: 0x3C352e -> 0x93Bd31 | Value: 0.100000 ETH | Gas: 63000
[2025-10-08 00:14:27]    💰 TX: 0x96ae2e -> 0xb06D11 | Value: 0.200000 ETH | Gas: 445558
[2025-10-08 00:14:27]    💰 TX: 0x15e42A -> 0x87a7E2 | Value: 0.200000 ETH | Gas: 445558
[2025-10-08 00:14:27]    🗑️  Отфильтровано мусорных транзакций: 69
[2025-10-08 00:14:40] ⚠️  Пропущен блок #9363445 (неподдерживаемые типы транзакций)
[2025-10-08 00:14:54] ⚠️  Пропущен блок #9363446 (неподдерживаемые типы транзакций)
[2025-10-08 00:15:06] 📦 Block #9363447 (8/46 valid tx) | 00:15:06
[2025-10-08 00:15:06]    💰 TX: 0x2CdA41 -> 0x5f4C40 | Value: 0.500000 ETH | Gas: 21000
[2025-10-08 00:15:06]    💸 TX: 0xAF2308 -> 0x0F100e | Value: 0.010000 ETH | Gas: 21000
[2025-10-08 00:15:06]    💸 TX: 0x6Cc939 -> 0x38185D | Value: 0.070559 ETH | Gas: 30000
[2025-10-08 00:15:06]    🚨 TX: 0x6Cc939 -> 0x5817B3 | Value: 2.500000 ETH | Gas: 30000
[2025-10-08 00:15:06]    💸 TX: 0xA690A6 -> 0xaB6b2c | Value: 0.063990 ETH | Gas: 21000
[2025-10-08 00:15:06]    💸 TX: 0xC8dB9c -> 0x3A9D48 | Value: 0.001000 ETH | Gas: 260925
[2025-10-08 00:15:06]    💰 TX: 0xd5ED65 -> 0x70b1CD | Value: 0.219021 ETH | Gas: 389114
[2025-10-08 00:15:06]    💸 TX: 0x5AFd87 -> 0x959Ff0 | Value: 0.010000 ETH | Gas: 20938538
[2025-10-08 00:15:06]    🗑️  Отфильтровано мусорных транзакций: 38
[2025-10-08 00:15:19] ⚠️  Пропущен блок #9363448 (неподдерживаемые типы транзакций)
[2025-10-08 00:15:32] 📦 Block #9363449 (18/435 valid tx) | 00:15:32
[2025-10-08 00:15:32]    💰 TX: 0x2CdA41 -> 0xcB4ade | Value: 0.500000 ETH | Gas: 21000
[2025-10-08 00:15:32]    💸 TX: 0xAF2308 -> 0xd17168 | Value: 0.010000 ETH | Gas: 21000
[2025-10-08 00:15:32]    💸 TX: 0x7C3175 -> 0x35d98E | Value: 0.010000 ETH | Gas: 21000
[2025-10-08 00:15:32]    🚨 TX: 0x6Cc939 -> 0x35fa91 | Value: 2.500000 ETH | Gas: 30000
[2025-10-08 00:15:32]    💸 TX: 0x5AFd87 -> 0x959Ff0 | Value: 0.010000 ETH | Gas: 20897663
[2025-10-08 00:15:32]    💸 TX: 0x50b54c -> 0xF2bF60 | Value: 0.010000 ETH | Gas: 21000
[2025-10-08 00:15:32]    💸 TX: 0x50b54c -> 0x0F87D8 | Value: 0.010000 ETH | Gas: 21000
[2025-10-08 00:15:32]    💸 TX: 0x50b54c -> 0x6872B6 | Value: 0.010000 ETH | Gas: 21000
[2025-10-08 00:15:32]    💸 TX: 0x50b54c -> 0x0e22b0 | Value: 0.010000 ETH | Gas: 21000
[2025-10-08 00:15:32]    💸 TX: 0x50b54c -> 0x75e1d1 | Value: 0.010000 ETH | Gas: 21000
[2025-10-08 00:15:32]    💸 TX: 0x50b54c -> 0x9f7FfB | Value: 0.010000 ETH | Gas: 21000
[2025-10-08 00:15:32]    💸 TX: 0x50b54c -> 0x5a9b0e | Value: 0.010000 ETH | Gas: 21000
[2025-10-08 00:15:32]    💸 TX: 0x50b54c -> 0xf2FdE1 | Value: 0.010000 ETH | Gas: 21000
[2025-10-08 00:15:32]    💸 TX: 0x50b54c -> 0x3D893D | Value: 0.010000 ETH | Gas: 21000
[2025-10-08 00:15:32]    💸 TX: 0x42645c -> 0x91614F | Value: 0.050000 ETH | Gas: 630000
[2025-10-08 00:15:32]    💰 TX: 0x96ae2e -> 0xb06D11 | Value: 0.200000 ETH | Gas: 445558
[2025-10-08 00:15:32]    💸 TX: 0xE7F568 -> 0x956962 | Value: 0.001145 ETH | Gas: 64278
[2025-10-08 00:15:32]    💸 TX: 0x27Ae34 -> 0x956962 | Value: 0.001000 ETH | Gas: 68288
[2025-10-08 00:15:32]    🗑️  Отфильтровано мусорных транзакций: 417
