[2025-10-08 00:17:15] 🚀 Мониторинг Sepolia запущен (ТОЛЬКО мои транзакции)
[2025-10-08 00:17:15] 📡 Отслеживаю адрес: 0xD843CBe0bdeE3E884Fd32cE4942219830D5944DA
[2025-10-08 00:17:15] 💾 Логи в файле: my_transactions.log
[2025-10-08 00:17:29] 👀 Новые блоки #9363456-#9363456 (моих транзакций нет)
[2025-10-08 00:17:42] 👀 Новые блоки #9363457-#9363457 (моих транзакций нет)
[2025-10-08 00:17:55] 👀 Новые блоки #9363458-#9363458 (моих транзакций нет)
[2025-10-08 00:18:32] 👀 Новые блоки #9363459-#9363459 (моих транзакций нет)
[2025-10-08 00:18:45] 👀 Новые блоки #9363460-#9363460 (моих транзакций нет)
[2025-10-08 00:18:57] 👀 Новые блоки #9363461-#9363461 (моих транзакций нет)
[2025-10-08 00:19:10] 👀 Новые блоки #9363462-#9363462 (моих транзакций нет)
[2025-10-08 00:19:23] 👀 Новые блоки #9363463-#9363463 (моих транзакций нет)
[2025-10-08 00:19:36] 👀 Новые блоки #9363464-#9363464 (моих транзакций нет)
[2025-10-08 00:19:49] 🎯 МОЯ ТРАНЗАКЦИЯ [OUTGOING 📤]
[2025-10-08 00:19:49]    ├─ Блок: #9363465
[2025-10-08 00:19:49]    ├─ От: 0xD843CBe0bdeE3E884Fd32cE4942219830D5944DA
[2025-10-08 00:19:49]    ├─ Кому: 0xD7387660A977f2eaD6277c6e021e2Df1D143cd32
[2025-10-08 00:19:49]    ├─ Сумма: 0.001000 ETH
[2025-10-08 00:19:49]    ├─ Gas: 21000
[2025-10-08 00:19:49]    └─ Hash: 0xe30c50a3f38de9708d73694641a44b434d0fa0b4dd2d8c98d869386a26360d98
[2025-10-08 00:19:49] 📊 В блоках #9363465-#9363466 найдено моих транзакций: 1
[2025-10-08 00:20:02] 👀 Новые блоки #9363467-#9363467 (моих транзакций нет)
[2025-10-08 00:20:15] 👀 Новые блоки #9363468-#9363468 (моих транзакций нет)
[2025-10-08 00:20:28] 👀 Новые блоки #9363469-#9363469 (моих транзакций нет)
[2025-10-08 00:20:42] 👀 Новые блоки #9363470-#9363470 (моих транзакций нет)
[2025-10-08 00:20:55] 👀 Новые блоки #9363471-#9363471 (моих транзакций нет)
[2025-10-08 00:21:20] 👀 Новые блоки #9363472-#9363472 (моих транзакций нет)
[2025-10-08 00:21:33] 👀 Новые блоки #9363473-#9363473 (моих транзакций нет)
[2025-10-08 00:21:46] 👀 Новые блоки #9363474-#9363474 (моих транзакций нет)
[2025-10-08 00:24:30] 🚀 Мониторинг Sepolia запущен (ТОЛЬКО мои транзакции)
[2025-10-08 00:24:30] 📡 Отслеживаю адрес: 0xD843CBe0bdeE3E884Fd32cE4942219830D5944DA
[2025-10-08 00:24:30] 💾 Логи в файле: my_transactions.log
[2025-10-08 00:24:44] 👀 Новые блоки #9363488-#9363488 (моих транзакций нет)
[2025-10-08 00:24:57] 👀 Новые блоки #9363489-#9363489 (моих транзакций нет)
[2025-10-08 00:25:09] 🎯 МОЯ ТРАНЗАКЦИЯ [OUTGOING 📤]
[2025-10-08 00:25:09]    ├─ Блок: #9363490
[2025-10-08 00:25:09]    ├─ От: 0xD843CBe0bdeE3E884Fd32cE4942219830D5944DA
[2025-10-08 00:25:09]    ├─ Кому: 0xe2c36310D7A1008F278F27f37939D0E58249766c
[2025-10-08 00:25:09]    ├─ Сумма: 0.000000 ETH
[2025-10-08 00:25:09]    ├─ Gas: 224772
[2025-10-08 00:25:09]    └─ Hash: 0xabc0e685e0297da0c4770a06b7aaf78e8760af410b8f017a38fe87d113e33757
[2025-10-08 00:25:09] 📊 В блоках #9363490-#9363490 найдено моих транзакций: 1
[2025-10-08 00:25:23] 👀 Новые блоки #9363491-#9363491 (моих транзакций нет)
